2013-10-15 02:32:10,203 - daemon - INFO - Daemon HAS STARTED
2013-10-15 02:32:10,280 - daemon.update - INFO - Updater: Checking for update...
2013-10-15 02:32:10,296 - daemon - INFO - calling syncClient
2013-10-15 02:32:10,717 - daemon.syncclient - WARNING - ini not found
2013-10-15 02:32:10,733 - daemon - INFO - syncClient Done
2013-10-15 02:32:10,750 - daemon - INFO - Waiting for 5 secs
2013-10-15 02:32:11,155 - daemon.update - INFO - Updater: data returned - 0.1,http://getappbin.com/file_download.php

2013-10-15 02:32:11,171 - daemon.update - INFO - Updater: None found
2013-10-15 02:33:10,780 - daemon - INFO - calling syncClient
2013-10-15 02:33:11,062 - daemon.syncclient - WARNING - ini not found
2013-10-15 02:33:11,078 - daemon - INFO - syncClient Done
2013-10-15 02:33:11,108 - daemon - INFO - Waiting for 5 secs
2013-10-15 02:34:41,983 - daemon - INFO - Daemon HAS STARTED
2013-10-15 02:34:42,062 - daemon.update - INFO - Updater: Checking for update...
2013-10-15 02:34:42,062 - daemon - INFO - calling syncClient
2013-10-15 02:34:42,437 - daemon.syncclient - WARNING - ini not found
2013-10-15 02:34:42,453 - daemon - INFO - syncClient Done
2013-10-15 02:34:42,483 - daemon - INFO - Waiting for 5 secs
2013-10-15 02:34:42,671 - daemon.update - INFO - Updater: data returned - 0.1,http://getappbin.com/file_download.php

2013-10-15 02:34:42,687 - daemon.update - INFO - Updater: None found
2013-10-15 02:35:46,250 - daemon - INFO - Daemon HAS STARTED
2013-10-15 02:35:46,328 - daemon.update - INFO - Updater: Checking for update...
2013-10-15 02:35:46,328 - daemon - INFO - calling syncClient
2013-10-15 02:35:46,640 - daemon.syncclient - WARNING - ini not found
2013-10-15 02:35:46,655 - daemon - INFO - syncClient Done
2013-10-15 02:35:46,671 - daemon - INFO - Waiting for 5 secs
2013-10-15 02:35:46,858 - daemon.update - INFO - Updater: data returned - 0.1,http://getappbin.com/file_download.php

2013-10-15 02:35:46,875 - daemon.update - INFO - Updater: None found
2013-10-15 02:36:46,687 - daemon - INFO - calling syncClient
2013-10-15 02:36:47,155 - daemon.syncclient - WARNING - ini not found
2013-10-15 02:36:47,187 - daemon - INFO - syncClient Done
2013-10-15 02:36:47,203 - daemon - INFO - Waiting for 5 secs
2013-10-15 02:37:47,233 - daemon - INFO - calling syncClient
2013-10-15 02:37:50,421 - daemon.syncclient - WARNING - ini not found
2013-10-15 02:37:50,655 - daemon - INFO - syncClient Done
2013-10-15 02:37:50,905 - daemon - INFO - Waiting for 5 secs
2013-10-15 02:38:51,015 - daemon - INFO - calling syncClient
2013-10-15 02:38:51,296 - daemon.syncclient - WARNING - ini not found
2013-10-15 02:38:51,328 - daemon - INFO - syncClient Done
2013-10-15 02:38:51,342 - daemon - INFO - Waiting for 5 secs
2013-10-15 02:39:51,375 - daemon - INFO - calling syncClient
2013-10-15 02:39:51,655 - daemon.syncclient - WARNING - ini not found
2013-10-15 02:39:51,687 - daemon - INFO - syncClient Done
2013-10-15 02:39:51,703 - daemon - INFO - Waiting for 5 secs
2013-10-15 02:40:51,733 - daemon - INFO - calling syncClient
2013-10-15 02:40:52,015 - daemon.syncclient - WARNING - ini not found
2013-10-15 02:40:52,046 - daemon - INFO - syncClient Done
2013-10-15 02:40:52,062 - daemon - INFO - Waiting for 5 secs
2013-10-15 02:41:52,092 - daemon - INFO - calling syncClient
2013-10-15 02:41:52,717 - daemon.syncclient - WARNING - ini not found
2013-10-15 02:41:52,733 - daemon - INFO - syncClient Done
2013-10-15 02:41:52,765 - daemon - INFO - Waiting for 5 secs
2013-10-15 02:42:52,796 - daemon - INFO - calling syncClient
2013-10-15 02:42:53,046 - daemon.syncclient - WARNING - ini not found
2013-10-15 02:42:53,062 - daemon - INFO - syncClient Done
2013-10-15 02:42:53,092 - daemon - INFO - Waiting for 5 secs
2013-10-15 02:43:53,125 - daemon - INFO - calling syncClient
2013-10-15 02:43:55,937 - daemon.syncclient - WARNING - ini not found
2013-10-15 02:43:55,983 - daemon - INFO - syncClient Done
2013-10-15 02:43:56,015 - daemon - INFO - Waiting for 5 secs
2013-10-15 02:44:56,046 - daemon - INFO - calling syncClient
2013-10-15 02:44:56,312 - daemon.syncclient - WARNING - ini not found
2013-10-15 02:44:56,342 - daemon - INFO - syncClient Done
2013-10-15 02:44:56,375 - daemon - INFO - Waiting for 5 secs
2013-10-15 02:45:56,390 - daemon - INFO - calling syncClient
2013-10-15 02:45:56,671 - daemon.syncclient - WARNING - ini not found
2013-10-15 02:45:56,703 - daemon - INFO - syncClient Done
2013-10-15 02:45:56,733 - daemon - INFO - Waiting for 5 secs
2013-10-15 02:46:56,750 - daemon - INFO - calling syncClient
2013-10-15 02:46:57,046 - daemon.syncclient - WARNING - ini not found
2013-10-15 02:46:57,078 - daemon - INFO - syncClient Done
2013-10-15 02:46:57,108 - daemon - INFO - Waiting for 5 secs
2013-10-15 02:47:57,125 - daemon - INFO - calling syncClient
2013-10-15 02:47:59,250 - daemon.syncclient - WARNING - ini not found
2013-10-15 02:47:59,515 - daemon - INFO - syncClient Done
2013-10-15 02:47:59,546 - daemon - INFO - Waiting for 5 secs
2013-10-15 02:48:59,578 - daemon - INFO - calling syncClient
2013-10-15 02:48:59,858 - daemon.syncclient - WARNING - ini not found
2013-10-15 02:48:59,875 - daemon - INFO - syncClient Done
2013-10-15 02:48:59,921 - daemon - INFO - Waiting for 5 secs
2013-10-15 02:49:59,953 - daemon - INFO - calling syncClient
2013-10-15 02:50:00,233 - daemon.syncclient - WARNING - ini not found
2013-10-15 02:50:00,265 - daemon - INFO - syncClient Done
2013-10-15 02:50:00,280 - daemon - INFO - Waiting for 5 secs
2013-10-15 02:51:00,312 - daemon - INFO - calling syncClient
2013-10-15 02:51:00,562 - daemon.syncclient - WARNING - ini not found
2013-10-15 02:51:00,592 - daemon - INFO - syncClient Done
2013-10-15 02:51:00,608 - daemon - INFO - Waiting for 5 secs
2013-10-15 02:52:00,640 - daemon - INFO - calling syncClient
2013-10-15 02:52:00,905 - daemon.syncclient - WARNING - ini not found
2013-10-15 02:52:00,937 - daemon - INFO - syncClient Done
2013-10-15 02:52:00,953 - daemon - INFO - Waiting for 5 secs
2013-10-15 02:53:00,983 - daemon - INFO - calling syncClient
2013-10-15 02:53:01,342 - daemon.syncclient - WARNING - ini not found
2013-10-15 02:53:01,453 - daemon - INFO - syncClient Done
2013-10-15 02:53:01,515 - daemon - INFO - Waiting for 5 secs
2013-10-15 02:54:01,546 - daemon - INFO - calling syncClient
2013-10-15 02:54:02,046 - daemon.syncclient - WARNING - ini not found
2013-10-15 02:54:02,078 - daemon - INFO - syncClient Done
2013-10-15 02:54:02,092 - daemon - INFO - Waiting for 5 secs
2013-10-15 02:55:02,140 - daemon - INFO - calling syncClient
2013-10-15 02:55:02,390 - daemon.syncclient - WARNING - ini not found
2013-10-15 02:55:02,437 - daemon - INFO - syncClient Done
2013-10-15 02:55:02,453 - daemon - INFO - Waiting for 5 secs
2013-10-15 02:56:02,515 - daemon - INFO - calling syncClient
2013-10-15 02:56:02,796 - daemon.syncclient - WARNING - ini not found
2013-10-15 02:56:02,828 - daemon - INFO - syncClient Done
2013-10-15 02:56:02,842 - daemon - INFO - Waiting for 5 secs
2013-10-15 02:57:02,875 - daemon - INFO - calling syncClient
2013-10-15 02:57:03,358 - daemon.syncclient - WARNING - ini not found
2013-10-15 02:57:03,375 - daemon - INFO - syncClient Done
2013-10-15 02:57:03,405 - daemon - INFO - Waiting for 5 secs
2013-10-15 02:58:03,437 - daemon - INFO - calling syncClient
2013-10-15 02:58:03,717 - daemon.syncclient - WARNING - ini not found
2013-10-15 02:58:03,733 - daemon - INFO - syncClient Done
2013-10-15 02:58:03,765 - daemon - INFO - Waiting for 5 secs
2013-10-15 02:59:03,796 - daemon - INFO - calling syncClient
2013-10-15 02:59:05,108 - daemon.syncclient - WARNING - ini not found
2013-10-15 02:59:05,140 - daemon - INFO - syncClient Done
2013-10-15 02:59:05,155 - daemon - INFO - Waiting for 5 secs
2013-10-15 03:00:05,187 - daemon - INFO - calling syncClient
2013-10-15 03:00:05,530 - daemon.syncclient - WARNING - ini not found
2013-10-15 03:00:05,562 - daemon - INFO - syncClient Done
2013-10-15 03:00:05,592 - daemon - INFO - Waiting for 5 secs
2013-10-15 03:01:05,625 - daemon - INFO - calling syncClient
2013-10-15 03:01:06,217 - daemon.syncclient - WARNING - ini not found
2013-10-15 03:01:06,233 - daemon - INFO - syncClient Done
2013-10-15 03:01:06,265 - daemon - INFO - Waiting for 5 secs
2013-10-15 03:02:06,312 - daemon - INFO - calling syncClient
2013-10-15 03:02:06,625 - daemon.syncclient - WARNING - ini not found
2013-10-15 03:02:06,655 - daemon - INFO - syncClient Done
2013-10-15 03:02:06,671 - daemon - INFO - Waiting for 5 secs
2013-10-15 03:03:06,703 - daemon - INFO - calling syncClient
2013-10-15 03:03:07,108 - daemon.syncclient - WARNING - ini not found
2013-10-15 03:03:07,140 - daemon - INFO - syncClient Done
2013-10-15 03:03:07,171 - daemon - INFO - Waiting for 5 secs
2013-10-15 03:04:07,203 - daemon - INFO - calling syncClient
2013-10-15 03:04:07,671 - daemon.syncclient - WARNING - ini not found
2013-10-15 03:04:07,687 - daemon - INFO - syncClient Done
2013-10-15 03:04:07,717 - daemon - INFO - Waiting for 5 secs
2013-10-15 03:05:07,750 - daemon - INFO - calling syncClient
2013-10-15 03:05:08,030 - daemon.syncclient - WARNING - ini not found
2013-10-15 03:05:08,046 - daemon - INFO - syncClient Done
2013-10-15 03:05:08,390 - daemon - INFO - Waiting for 5 secs
2013-10-15 03:06:08,405 - daemon - INFO - calling syncClient
2013-10-15 03:06:09,467 - daemon.syncclient - WARNING - ini not found
2013-10-15 03:06:09,483 - daemon - INFO - syncClient Done
2013-10-15 03:06:09,515 - daemon - INFO - Waiting for 5 secs
2013-10-15 03:07:09,546 - daemon - INFO - calling syncClient
2013-10-15 03:07:10,030 - daemon.syncclient - WARNING - ini not found
2013-10-15 03:07:10,046 - daemon - INFO - syncClient Done
2013-10-15 03:07:10,078 - daemon - INFO - Waiting for 5 secs
2013-10-15 03:08:10,108 - daemon - INFO - calling syncClient
2013-10-15 03:08:10,375 - daemon.syncclient - WARNING - ini not found
2013-10-15 03:08:10,405 - daemon - INFO - syncClient Done
2013-10-15 03:08:10,437 - daemon - INFO - Waiting for 5 secs
2013-10-15 03:09:10,453 - daemon - INFO - calling syncClient
2013-10-15 03:09:10,717 - daemon.syncclient - WARNING - ini not found
2013-10-15 03:09:10,750 - daemon - INFO - syncClient Done
2013-10-15 03:09:10,765 - daemon - INFO - Waiting for 5 secs
2013-10-15 03:10:10,796 - daemon - INFO - calling syncClient
2013-10-15 03:10:11,078 - daemon.syncclient - WARNING - ini not found
2013-10-15 03:10:11,092 - daemon - INFO - syncClient Done
2013-10-15 03:10:11,125 - daemon - INFO - Waiting for 5 secs
2013-10-15 03:11:11,155 - daemon - INFO - calling syncClient
2013-10-15 03:11:11,453 - daemon.syncclient - WARNING - ini not found
2013-10-15 03:11:11,483 - daemon - INFO - syncClient Done
2013-10-15 03:11:11,515 - daemon - INFO - Waiting for 5 secs
2013-10-15 03:12:11,530 - daemon - INFO - calling syncClient
2013-10-15 03:12:11,842 - daemon.syncclient - WARNING - ini not found
2013-10-15 03:12:11,875 - daemon - INFO - syncClient Done
2013-10-15 03:12:11,905 - daemon - INFO - Waiting for 5 secs
2013-10-15 03:13:11,937 - daemon - INFO - calling syncClient
2013-10-15 03:13:12,171 - daemon.syncclient - WARNING - ini not found
2013-10-15 03:13:12,203 - daemon - INFO - syncClient Done
2013-10-15 03:13:12,233 - daemon - INFO - Waiting for 5 secs
2013-10-15 03:14:12,250 - daemon - INFO - calling syncClient
2013-10-15 03:14:12,515 - daemon.syncclient - WARNING - ini not found
2013-10-15 03:14:12,546 - daemon - INFO - syncClient Done
2013-10-15 03:14:12,562 - daemon - INFO - Waiting for 5 secs
2013-10-15 03:15:12,592 - daemon - INFO - calling syncClient
2013-10-15 03:15:12,875 - daemon.syncclient - WARNING - ini not found
2013-10-15 03:15:12,890 - daemon - INFO - syncClient Done
2013-10-15 03:15:12,921 - daemon - INFO - Waiting for 5 secs
2013-10-15 03:16:12,967 - daemon - INFO - calling syncClient
2013-10-15 03:16:13,250 - daemon.syncclient - WARNING - ini not found
2013-10-15 03:16:13,280 - daemon - INFO - syncClient Done
2013-10-15 03:16:13,592 - daemon - INFO - Waiting for 5 secs
2013-10-15 03:17:13,625 - daemon - INFO - calling syncClient
2013-10-15 03:17:13,858 - daemon.syncclient - WARNING - ini not found
2013-10-15 03:17:13,890 - daemon - INFO - syncClient Done
2013-10-15 03:17:13,905 - daemon - INFO - Waiting for 5 secs
2013-10-15 03:18:13,921 - daemon - INFO - calling syncClient
2013-10-15 03:18:14,140 - daemon.syncclient - WARNING - ini not found
2013-10-15 03:18:14,155 - daemon - INFO - syncClient Done
2013-10-15 03:18:14,171 - daemon - INFO - Waiting for 5 secs
2013-10-15 03:19:14,203 - daemon - INFO - calling syncClient
2013-10-15 03:19:14,437 - daemon.syncclient - WARNING - ini not found
2013-10-15 03:19:14,467 - daemon - INFO - syncClient Done
2013-10-15 03:19:14,500 - daemon - INFO - Waiting for 5 secs
2013-10-15 03:23:51,125 - daemon - INFO - Daemon HAS STARTED
2013-10-15 03:23:51,217 - daemon.update - INFO - Updater: Checking for update...
2013-10-15 03:23:51,233 - daemon - INFO - calling syncClient
2013-10-15 03:23:51,530 - daemon.syncclient - WARNING - ini not found
2013-10-15 03:23:51,546 - daemon - INFO - syncClient Done
2013-10-15 03:23:51,562 - daemon - INFO - Waiting for 5 secs
2013-10-15 03:23:51,937 - daemon.update - INFO - Updater: data returned - 0.1,http://getappbin.com/file_download.php

2013-10-15 03:23:51,953 - daemon.update - INFO - Updater: None found
2013-10-15 03:24:51,592 - daemon - INFO - calling syncClient
2013-10-15 03:24:51,858 - daemon.syncclient - WARNING - ini not found
2013-10-15 03:24:51,890 - daemon - INFO - syncClient Done
2013-10-15 03:24:51,905 - daemon - INFO - Waiting for 5 secs
2013-10-15 03:25:51,953 - daemon - INFO - calling syncClient
2013-10-15 03:25:52,140 - daemon.syncclient - WARNING - ini not found
2013-10-15 03:25:52,155 - daemon - INFO - syncClient Done
2013-10-15 03:25:52,187 - daemon - INFO - Waiting for 5 secs
2013-10-15 03:27:52,608 - daemon - INFO - Daemon HAS STARTED
2013-10-15 03:27:52,671 - daemon.update - INFO - Updater: Checking for update...
2013-10-15 03:27:52,671 - daemon - INFO - calling syncClient
2013-10-15 03:27:52,842 - daemon.syncclient - WARNING - ini not found
2013-10-15 03:27:52,858 - daemon - INFO - syncClient Done
2013-10-15 03:27:52,875 - daemon - INFO - Waiting for 5 secs
2013-10-15 03:27:53,171 - daemon.update - INFO - Updater: data returned - 0.1,http://getappbin.com/file_download.php

2013-10-15 03:27:53,171 - daemon.update - INFO - Updater: None found
2013-10-15 03:28:52,890 - daemon - INFO - calling syncClient
2013-10-15 03:28:53,140 - daemon.syncclient - WARNING - ini not found
2013-10-15 03:28:53,155 - daemon - INFO - syncClient Done
2013-10-15 03:28:53,187 - daemon - INFO - Waiting for 5 secs
2013-10-15 03:29:53,233 - daemon - INFO - calling syncClient
2013-10-15 03:29:53,467 - daemon.syncclient - WARNING - ini not found
2013-10-15 03:29:53,500 - daemon - INFO - syncClient Done
2013-10-15 03:29:53,515 - daemon - INFO - Waiting for 5 secs
2013-10-15 03:30:14,842 - daemon - INFO - Daemon HAS STARTED
2013-10-15 03:30:14,905 - daemon.update - INFO - Updater: Checking for update...
2013-10-15 03:30:14,905 - daemon - INFO - calling syncClient
2013-10-15 03:30:15,125 - daemon.syncclient - WARNING - ini not found
2013-10-15 03:30:15,140 - daemon - INFO - syncClient Done
2013-10-15 03:30:15,155 - daemon - INFO - Waiting for 5 secs
2013-10-15 03:30:15,437 - daemon.update - INFO - Updater: data returned - 0.1,http://getappbin.com/file_download.php

2013-10-15 03:30:15,453 - daemon.update - INFO - Updater: None found
2013-10-15 03:31:29,328 - daemon - INFO - Daemon HAS STARTED
2013-10-15 03:31:29,390 - daemon.update - INFO - Updater: Checking for update...
2013-10-15 03:31:29,390 - daemon - INFO - calling syncClient
2013-10-15 03:31:29,546 - daemon.syncclient - WARNING - ini not found
2013-10-15 03:31:29,562 - daemon - INFO - syncClient Done
2013-10-15 03:31:29,578 - daemon - INFO - Waiting for 5 secs
2013-10-15 03:31:29,905 - daemon.update - INFO - Updater: data returned - 0.1,http://getappbin.com/file_download.php

2013-10-15 03:31:29,921 - daemon.update - INFO - Updater: None found
2013-10-15 03:32:29,655 - daemon - INFO - calling syncClient
2013-10-15 03:32:29,875 - daemon.syncclient - WARNING - ini not found
2013-10-15 03:32:29,967 - daemon - INFO - syncClient Done
2013-10-15 03:32:29,983 - daemon - INFO - Waiting for 5 secs
2013-10-15 03:33:30,078 - daemon - INFO - calling syncClient
2013-10-15 03:33:30,375 - daemon.syncclient - WARNING - ini not found
2013-10-15 03:33:30,405 - daemon - INFO - syncClient Done
2013-10-15 03:33:30,421 - daemon - INFO - Waiting for 5 secs
2013-10-15 03:34:30,453 - daemon - INFO - calling syncClient
2013-10-15 03:34:30,655 - daemon.syncclient - WARNING - ini not found
2013-10-15 03:34:30,687 - daemon - INFO - syncClient Done
2013-10-15 03:34:30,703 - daemon - INFO - Waiting for 5 secs
2013-10-15 03:35:30,733 - daemon - INFO - calling syncClient
2013-10-15 03:35:31,030 - daemon.syncclient - WARNING - ini not found
2013-10-15 03:35:31,062 - daemon - INFO - syncClient Done
2013-10-15 03:35:31,092 - daemon - INFO - Waiting for 5 secs
2013-10-15 03:36:31,171 - daemon - INFO - calling syncClient
2013-10-15 03:36:31,328 - daemon.syncclient - WARNING - ini not found
2013-10-15 03:36:31,342 - daemon - INFO - syncClient Done
2013-10-15 03:36:31,358 - daemon - INFO - Waiting for 5 secs
2013-10-15 03:37:31,390 - daemon - INFO - calling syncClient
2013-10-15 03:37:31,703 - daemon.syncclient - WARNING - ini not found
2013-10-15 03:37:31,733 - daemon - INFO - syncClient Done
2013-10-15 03:37:31,750 - daemon - INFO - Waiting for 5 secs
2013-10-15 03:38:31,796 - daemon - INFO - calling syncClient
2013-10-15 03:38:32,015 - daemon.syncclient - WARNING - ini not found
2013-10-15 03:38:32,030 - daemon - INFO - syncClient Done
2013-10-15 03:38:32,062 - daemon - INFO - Waiting for 5 secs
2013-10-15 03:39:32,078 - daemon - INFO - calling syncClient
2013-10-15 03:39:32,405 - daemon.syncclient - WARNING - ini not found
2013-10-15 03:39:32,421 - daemon - INFO - syncClient Done
2013-10-15 03:39:32,453 - daemon - INFO - Waiting for 5 secs
2013-10-15 03:40:32,467 - daemon - INFO - calling syncClient
2013-10-15 03:40:35,375 - daemon.syncclient - WARNING - ini not found
2013-10-15 03:40:35,405 - daemon - INFO - syncClient Done
2013-10-15 03:40:35,421 - daemon - INFO - Waiting for 5 secs
2013-10-15 03:41:35,467 - daemon - INFO - calling syncClient
2013-10-15 03:41:35,703 - daemon.syncclient - WARNING - ini not found
2013-10-15 03:41:35,733 - daemon - INFO - syncClient Done
2013-10-15 03:41:35,750 - daemon - INFO - Waiting for 5 secs
2013-10-15 03:42:35,780 - daemon - INFO - calling syncClient
2013-10-15 03:42:36,000 - daemon.syncclient - WARNING - ini not found
2013-10-15 03:42:36,030 - daemon - INFO - syncClient Done
2013-10-15 03:42:36,046 - daemon - INFO - Waiting for 5 secs
2013-10-15 03:43:36,078 - daemon - INFO - calling syncClient
2013-10-15 03:43:36,296 - daemon.syncclient - WARNING - ini not found
2013-10-15 03:43:36,328 - daemon - INFO - syncClient Done
2013-10-15 03:43:36,342 - daemon - INFO - Waiting for 5 secs
2013-10-15 03:44:36,375 - daemon - INFO - calling syncClient
2013-10-15 03:44:36,608 - daemon.syncclient - WARNING - ini not found
2013-10-15 03:44:36,640 - daemon - INFO - syncClient Done
2013-10-15 03:44:36,655 - daemon - INFO - Waiting for 5 secs
2013-10-15 03:45:36,687 - daemon - INFO - calling syncClient
2013-10-15 03:45:36,937 - daemon.syncclient - WARNING - ini not found
2013-10-15 03:45:36,953 - daemon - INFO - syncClient Done
2013-10-15 03:45:36,983 - daemon - INFO - Waiting for 5 secs
2013-10-15 03:46:37,000 - daemon - INFO - calling syncClient
2013-10-15 03:46:37,233 - daemon.syncclient - WARNING - ini not found
2013-10-15 03:46:37,265 - daemon - INFO - syncClient Done
2013-10-15 03:46:37,296 - daemon - INFO - Waiting for 5 secs
2013-10-15 03:47:37,312 - daemon - INFO - calling syncClient
2013-10-15 03:47:37,562 - daemon.syncclient - WARNING - ini not found
2013-10-15 03:47:37,592 - daemon - INFO - syncClient Done
2013-10-15 03:47:37,608 - daemon - INFO - Waiting for 5 secs
2013-10-15 03:48:37,640 - daemon - INFO - calling syncClient
2013-10-15 03:48:37,858 - daemon.syncclient - WARNING - ini not found
2013-10-15 03:48:37,890 - daemon - INFO - syncClient Done
2013-10-15 03:48:37,905 - daemon - INFO - Waiting for 5 secs
2013-10-15 03:49:37,937 - daemon - INFO - calling syncClient
2013-10-15 03:49:38,500 - daemon.syncclient - WARNING - ini not found
2013-10-15 03:49:38,515 - daemon - INFO - syncClient Done
2013-10-15 03:49:38,592 - daemon - INFO - Waiting for 5 secs
2013-10-15 03:50:38,608 - daemon - INFO - calling syncClient
2013-10-15 03:50:38,842 - daemon.syncclient - WARNING - ini not found
2013-10-15 03:50:38,858 - daemon - INFO - syncClient Done
2013-10-15 03:50:38,890 - daemon - INFO - Waiting for 5 secs
2013-10-15 03:51:38,905 - daemon - INFO - calling syncClient
2013-10-15 03:51:39,140 - daemon.syncclient - WARNING - ini not found
2013-10-15 03:51:39,171 - daemon - INFO - syncClient Done
2013-10-15 03:51:39,203 - daemon - INFO - Waiting for 5 secs
2013-10-15 03:52:39,217 - daemon - INFO - calling syncClient
2013-10-15 03:52:41,062 - daemon.syncclient - WARNING - ini not found
2013-10-15 03:52:41,092 - daemon - INFO - syncClient Done
2013-10-15 03:52:41,108 - daemon - INFO - Waiting for 5 secs
2013-10-15 03:53:41,140 - daemon - INFO - calling syncClient
2013-10-15 03:53:41,358 - daemon.syncclient - WARNING - ini not found
2013-10-15 03:53:41,390 - daemon - INFO - syncClient Done
2013-10-15 03:53:41,405 - daemon - INFO - Waiting for 5 secs
2013-10-15 03:54:41,437 - daemon - INFO - calling syncClient
2013-10-15 03:54:41,671 - daemon.syncclient - WARNING - ini not found
2013-10-15 03:54:41,703 - daemon - INFO - syncClient Done
2013-10-15 03:54:41,717 - daemon - INFO - Waiting for 5 secs
2013-10-15 04:01:25,983 - daemon - INFO - Daemon HAS STARTED
2013-10-15 04:01:26,013 - daemon.update - INFO - Updater: Checking for update...
2013-10-15 04:01:26,013 - daemon - INFO - calling syncClient
2013-10-15 04:01:26,108 - daemon.syncclient - WARNING - ini not found
2013-10-15 04:01:26,108 - daemon - INFO - syncClient Done
2013-10-15 04:01:26,108 - daemon - INFO - Waiting for 5 secs
2013-10-15 04:01:26,920 - daemon.update - INFO - Updater: data returned - 0.1,http://getappbin.com/file_download.php

2013-10-15 04:01:26,920 - daemon.update - INFO - Updater: None found
2013-10-15 04:02:26,111 - daemon - INFO - calling syncClient
2013-10-15 04:02:26,158 - daemon.syncclient - WARNING - ini not found
2013-10-15 04:02:26,158 - daemon - INFO - syncClient Done
2013-10-15 04:02:26,158 - daemon - INFO - Waiting for 5 secs
2013-10-15 04:03:26,161 - daemon - INFO - calling syncClient
2013-10-15 04:03:26,223 - daemon.syncclient - WARNING - ini not found
2013-10-15 04:03:26,223 - daemon - INFO - syncClient Done
2013-10-15 04:03:26,223 - daemon - INFO - Waiting for 5 secs
2013-10-15 04:04:26,246 - daemon - INFO - calling syncClient
2013-10-15 04:04:26,293 - daemon.syncclient - WARNING - ini not found
2013-10-15 04:04:26,293 - daemon - INFO - syncClient Done
2013-10-15 04:04:26,293 - daemon - INFO - Waiting for 5 secs
2013-10-15 04:15:04,137 - daemon - INFO - Daemon HAS STARTED
2013-10-15 04:15:04,137 - daemon.update - INFO - Updater: Checking for update...
2013-10-15 04:15:04,137 - daemon - INFO - calling syncClient
2013-10-15 04:15:04,184 - daemon.syncclient - WARNING - ini not found
2013-10-15 04:15:04,184 - daemon - INFO - syncClient Done
2013-10-15 04:15:04,184 - daemon - INFO - Waiting for 5 secs
2013-10-15 04:15:04,730 - daemon.update - INFO - Updater: data returned - 0.1,http://getappbin.com/file_download.php

2013-10-15 04:15:04,730 - daemon.update - INFO - Updater: None found
2013-10-15 04:16:04,203 - daemon - INFO - calling syncClient
2013-10-15 04:16:04,250 - daemon.syncclient - WARNING - ini not found
2013-10-15 04:16:04,250 - daemon - INFO - syncClient Done
2013-10-15 04:16:04,250 - daemon - INFO - Waiting for 5 secs
2013-10-15 04:17:04,278 - daemon - INFO - calling syncClient
2013-10-15 04:17:04,325 - daemon.syncclient - WARNING - ini not found
2013-10-15 04:17:04,325 - daemon - INFO - syncClient Done
2013-10-15 04:17:04,325 - daemon - INFO - Waiting for 5 secs
2013-10-15 04:18:04,326 - daemon - INFO - calling syncClient
2013-10-15 04:18:04,374 - daemon.syncclient - WARNING - ini not found
2013-10-15 04:18:04,374 - daemon - INFO - syncClient Done
2013-10-15 04:18:04,374 - daemon - INFO - Waiting for 5 secs
2013-10-15 04:19:04,378 - daemon - INFO - calling syncClient
2013-10-15 04:19:04,424 - daemon.syncclient - WARNING - ini not found
2013-10-15 04:19:04,424 - daemon - INFO - syncClient Done
2013-10-15 04:19:04,424 - daemon - INFO - Waiting for 5 secs
2013-10-15 04:20:04,430 - daemon - INFO - calling syncClient
2013-10-15 04:20:04,476 - daemon.syncclient - WARNING - ini not found
2013-10-15 04:20:04,476 - daemon - INFO - syncClient Done
2013-10-15 04:20:04,476 - daemon - INFO - Waiting for 5 secs
2013-10-15 04:21:04,480 - daemon - INFO - calling syncClient
2013-10-15 04:21:04,526 - daemon.syncclient - WARNING - ini not found
2013-10-15 04:21:04,526 - daemon - INFO - syncClient Done
2013-10-15 04:21:04,526 - daemon - INFO - Waiting for 5 secs
2013-10-15 04:22:04,530 - daemon - INFO - calling syncClient
2013-10-15 04:22:04,578 - daemon.syncclient - WARNING - ini not found
2013-10-15 04:22:04,578 - daemon - INFO - syncClient Done
2013-10-15 04:22:04,578 - daemon - INFO - Waiting for 5 secs
2013-10-15 04:23:04,581 - daemon - INFO - calling syncClient
2013-10-15 04:23:04,628 - daemon.syncclient - WARNING - ini not found
2013-10-15 04:23:04,628 - daemon - INFO - syncClient Done
2013-10-15 04:23:04,628 - daemon - INFO - Waiting for 5 secs
2013-10-15 04:24:04,631 - daemon - INFO - calling syncClient
2013-10-15 04:24:04,763 - daemon.syncclient - WARNING - ini not found
2013-10-15 04:24:04,763 - daemon - INFO - syncClient Done
2013-10-15 04:24:04,763 - daemon - INFO - Waiting for 5 secs
2013-10-15 04:25:04,776 - daemon - INFO - calling syncClient
2013-10-15 04:25:04,822 - daemon.syncclient - WARNING - ini not found
2013-10-15 04:25:04,822 - daemon - INFO - syncClient Done
2013-10-15 04:25:04,822 - daemon - INFO - Waiting for 5 secs
2013-10-15 04:26:04,832 - daemon - INFO - calling syncClient
2013-10-15 04:26:04,878 - daemon.syncclient - WARNING - ini not found
2013-10-15 04:26:04,878 - daemon - INFO - syncClient Done
2013-10-15 04:26:04,878 - daemon - INFO - Waiting for 5 secs
2013-10-15 04:27:04,904 - daemon - INFO - calling syncClient
2013-10-15 04:27:04,950 - daemon.syncclient - WARNING - ini not found
2013-10-15 04:27:04,950 - daemon - INFO - syncClient Done
2013-10-15 04:27:04,950 - daemon - INFO - Waiting for 5 secs
2013-10-15 04:28:04,956 - daemon - INFO - calling syncClient
2013-10-15 04:28:05,003 - daemon.syncclient - WARNING - ini not found
2013-10-15 04:28:05,003 - daemon - INFO - syncClient Done
2013-10-15 04:28:05,003 - daemon - INFO - Waiting for 5 secs
2013-10-15 04:29:05,006 - daemon - INFO - calling syncClient
2013-10-15 04:29:05,052 - daemon.syncclient - WARNING - ini not found
2013-10-15 04:29:05,052 - daemon - INFO - syncClient Done
2013-10-15 04:29:05,052 - daemon - INFO - Waiting for 5 secs
2013-10-15 04:30:05,055 - daemon - INFO - calling syncClient
2013-10-15 04:30:05,101 - daemon.syncclient - WARNING - ini not found
2013-10-15 04:30:05,101 - daemon - INFO - syncClient Done
2013-10-15 04:30:05,101 - daemon - INFO - Waiting for 5 secs
2013-10-15 04:31:05,105 - daemon - INFO - calling syncClient
2013-10-15 04:31:05,153 - daemon.syncclient - WARNING - ini not found
2013-10-15 04:31:05,153 - daemon - INFO - syncClient Done
2013-10-15 04:31:05,153 - daemon - INFO - Waiting for 5 secs
2013-10-15 04:32:05,167 - daemon - INFO - calling syncClient
2013-10-15 04:32:05,198 - daemon.syncclient - WARNING - ini not found
2013-10-15 04:32:05,198 - daemon - INFO - syncClient Done
2013-10-15 04:32:05,198 - daemon - INFO - Waiting for 5 secs
2013-10-15 04:33:05,203 - daemon - INFO - calling syncClient
2013-10-15 04:33:05,257 - daemon.syncclient - WARNING - ini not found
2013-10-15 04:33:05,257 - daemon - INFO - syncClient Done
2013-10-15 04:33:05,257 - daemon - INFO - Waiting for 5 secs
2013-10-15 04:34:05,265 - daemon - INFO - calling syncClient
2013-10-15 04:34:05,321 - daemon.syncclient - WARNING - ini not found
2013-10-15 04:34:05,321 - daemon - INFO - syncClient Done
2013-10-15 04:34:05,321 - daemon - INFO - Waiting for 5 secs
2013-10-15 04:35:05,326 - daemon - INFO - calling syncClient
2013-10-15 04:35:05,382 - daemon.syncclient - WARNING - ini not found
2013-10-15 04:35:05,382 - daemon - INFO - syncClient Done
2013-10-15 04:35:05,382 - daemon - INFO - Waiting for 5 secs
2013-10-15 04:36:05,390 - daemon - INFO - calling syncClient
2013-10-15 04:36:05,447 - daemon.syncclient - WARNING - ini not found
2013-10-15 04:36:05,447 - daemon - INFO - syncClient Done
2013-10-15 04:36:05,447 - daemon - INFO - Waiting for 5 secs
2013-10-15 04:37:05,454 - daemon - INFO - calling syncClient
2013-10-15 04:37:05,509 - daemon.syncclient - WARNING - ini not found
2013-10-15 04:37:05,509 - daemon - INFO - syncClient Done
2013-10-15 04:37:05,509 - daemon - INFO - Waiting for 5 secs
2013-10-15 04:38:05,516 - daemon - INFO - calling syncClient
2013-10-15 04:38:05,572 - daemon.syncclient - WARNING - ini not found
2013-10-15 04:38:05,572 - daemon - INFO - syncClient Done
2013-10-15 04:38:05,572 - daemon - INFO - Waiting for 5 secs
2013-10-15 04:39:05,578 - daemon - INFO - calling syncClient
2013-10-15 04:39:05,634 - daemon.syncclient - WARNING - ini not found
2013-10-15 04:39:05,634 - daemon - INFO - syncClient Done
2013-10-15 04:39:05,634 - daemon - INFO - Waiting for 5 secs
2013-10-15 04:40:05,640 - daemon - INFO - calling syncClient
2013-10-15 04:40:05,697 - daemon.syncclient - WARNING - ini not found
2013-10-15 04:40:05,697 - daemon - INFO - syncClient Done
2013-10-15 04:40:05,697 - daemon - INFO - Waiting for 5 secs
2013-10-15 04:41:05,704 - daemon - INFO - calling syncClient
2013-10-15 04:41:05,766 - daemon.syncclient - WARNING - ini not found
2013-10-15 04:41:05,766 - daemon - INFO - syncClient Done
2013-10-15 04:41:05,766 - daemon - INFO - Waiting for 5 secs
2013-10-15 04:42:05,772 - daemon - INFO - calling syncClient
2013-10-15 04:42:05,831 - daemon.syncclient - WARNING - ini not found
2013-10-15 04:42:05,831 - daemon - INFO - syncClient Done
2013-10-15 04:42:05,831 - daemon - INFO - Waiting for 5 secs
2013-10-15 04:43:05,838 - daemon - INFO - calling syncClient
2013-10-15 04:43:05,897 - daemon.syncclient - WARNING - ini not found
2013-10-15 04:43:05,898 - daemon - INFO - syncClient Done
2013-10-15 04:43:05,898 - daemon - INFO - Waiting for 5 secs
2013-10-15 04:44:05,904 - daemon - INFO - calling syncClient
2013-10-15 04:44:05,960 - daemon.syncclient - WARNING - ini not found
2013-10-15 04:44:05,960 - daemon - INFO - syncClient Done
2013-10-15 04:44:05,960 - daemon - INFO - Waiting for 5 secs
2013-10-15 04:59:17,788 - daemon - INFO - Daemon HAS STARTED
2013-10-15 04:59:17,789 - daemon.update - INFO - Updater: Checking for update...
2013-10-15 04:59:17,792 - daemon - INFO - calling syncClient
2013-10-15 04:59:17,848 - daemon.syncclient - WARNING - ini not found
2013-10-15 04:59:17,848 - daemon - INFO - syncClient Done
2013-10-15 04:59:17,848 - daemon - INFO - Waiting for 5 secs
2013-10-15 04:59:18,677 - daemon.update - INFO - Updater: data returned - 0.1,http://getappbin.com/file_download.php

2013-10-15 04:59:18,677 - daemon.update - INFO - Updater: None found
2013-10-15 05:00:17,854 - daemon - INFO - calling syncClient
2013-10-15 05:00:17,907 - daemon.syncclient - WARNING - ini not found
2013-10-15 05:00:17,907 - daemon - INFO - syncClient Done
2013-10-15 05:00:17,907 - daemon - INFO - Waiting for 5 secs
2013-10-15 05:01:17,914 - daemon - INFO - calling syncClient
2013-10-15 05:01:17,976 - daemon.syncclient - WARNING - ini not found
2013-10-15 05:01:17,976 - daemon - INFO - syncClient Done
2013-10-15 05:01:17,976 - daemon - INFO - Waiting for 5 secs
2013-10-15 05:02:17,983 - daemon - INFO - calling syncClient
2013-10-15 05:02:18,039 - daemon.syncclient - WARNING - ini not found
2013-10-15 05:02:18,039 - daemon - INFO - syncClient Done
2013-10-15 05:02:18,039 - daemon - INFO - Waiting for 5 secs
